For compatibility, the PACKAGE_DIRS environment variable is deprecated and will
be removed in a future Meteor release.
Developers should now use METEOR_PACKAGE_DIRS and Windows projects should now
use a semi-colon (;) to separate paths.
[[[[[ ~/duoduoMeteor/duoduo ]]]]]

=> Started proxy.
=> Meteor 1.6 is available. Update this project with 'meteor update'.
=> Started your app.

=> App running at: http://localhost:3000/
For compatibility, the PACKAGE_DIRS environment variable is deprecated and will
be removed in a future Meteor release.
Developers should now use METEOR_PACKAGE_DIRS and Windows projects should now
use a semi-colon (;) to separate paths.
=> Client modified -- refreshing
=> Server modified -- restarting...For compatibility, the PACKAGE_DIRS environment variable is deprecated and will
be removed in a future Meteor release.
Developers should now use METEOR_PACKAGE_DIRS and Windows projects should now
use a semi-colon (;) to separate paths.
                                   => Meteor server restartedFor compatibility, the PACKAGE_DIRS environment variable is deprecated and will
be removed in a future Meteor release.
Developers should now use METEOR_PACKAGE_DIRS and Windows projects should now
use a semi-colon (;) to separate paths.

=> Client modified -- refreshing
=> Server modified -- restarting...For compatibility, the PACKAGE_DIRS environment variable is deprecated and will
be removed in a future Meteor release.
Developers should now use METEOR_PACKAGE_DIRS and Windows projects should now
use a semi-colon (;) to separate paths.
                                   => Meteor server restarted
=> Server modified -- restarting...For compatibility, the PACKAGE_DIRS environment variable is deprecated and will
be removed in a future Meteor release.
Developers should now use METEOR_PACKAGE_DIRS and Windows projects should now
use a semi-colon (;) to separate paths.
                                   => Meteor server restartedFor compatibility, the PACKAGE_DIRS environment variable is deprecated and will
be removed in a future Meteor release.
Developers should now use METEOR_PACKAGE_DIRS and Windows projects should now
use a semi-colon (;) to separate paths.

=> Client modified -- refreshing